<?xml version="1.0" encoding="UTF-8"?>
<testng-results skipped="0" failed="0" ignored="0" total="1" passed="1">
  <reporter-output>
  </reporter-output>
  <suite name="Default suite" duration-ms="3510" started-at="2021-10-16T15:39:14 CDT" finished-at="2021-10-16T15:39:17 CDT">
    <groups>
    </groups>
    <test name="Default test" duration-ms="3510" started-at="2021-10-16T15:39:14 CDT" finished-at="2021-10-16T15:39:17 CDT">
      <class name="test.CategoryFunctionTest">
        <test-method status="PASS" signature="validUserisAbleToAddCategory()[pri:0, instance:test.CategoryFunctionTest@63e2203c]" name="validUserisAbleToAddCategory" duration-ms="3481" started-at="2021-10-16T15:39:14 CDT" finished-at="2021-10-16T15:39:17 CDT">
          <reporter-output>
          </reporter-output>
        </test-method> <!-- validUserisAbleToAddCategory -->
      </class> <!-- test.CategoryFunctionTest -->
    </test> <!-- Default test -->
  </suite> <!-- Default suite -->
</testng-results>
